0 info it worked if it ends with ok
1 verbose cli [ '/usr/bin/nodejs',
1 verbose cli   '/usr/bin/npm',
1 verbose cli   'install',
1 verbose cli   'test-icpc',
1 verbose cli   '--global' ]
2 info using npm@1.3.10
3 info using node@v0.10.25
4 verbose cache add [ 'test-icpc', null ]
5 verbose cache add name=undefined spec="test-icpc" args=["test-icpc",null]
6 verbose parsed url { protocol: null,
6 verbose parsed url   slashes: null,
6 verbose parsed url   auth: null,
6 verbose parsed url   host: null,
6 verbose parsed url   port: null,
6 verbose parsed url   hostname: null,
6 verbose parsed url   hash: null,
6 verbose parsed url   search: null,
6 verbose parsed url   query: null,
6 verbose parsed url   pathname: 'test-icpc',
6 verbose parsed url   path: 'test-icpc',
6 verbose parsed url   href: 'test-icpc' }
7 silly lockFile 22c71dda-test-icpc test-icpc
8 verbose lock test-icpc /home/ogh/.npm/22c71dda-test-icpc.lock
9 silly lockFile 22c71dda-test-icpc test-icpc
10 silly lockFile 22c71dda-test-icpc test-icpc
11 verbose addNamed [ 'test-icpc', '' ]
12 verbose addNamed [ null, '*' ]
13 silly lockFile 5cb90196-test-icpc test-icpc@
14 verbose lock test-icpc@ /home/ogh/.npm/5cb90196-test-icpc.lock
15 silly addNameRange { name: 'test-icpc', range: '*', hasData: false }
16 verbose url raw test-icpc
17 verbose url resolving [ 'https://registry.npmjs.org/', './test-icpc' ]
18 verbose url resolved https://registry.npmjs.org/test-icpc
19 info trying registry request attempt 1 at 10:55:15
20 http GET https://registry.npmjs.org/test-icpc
21 info retry will retry, error on last attempt: Error: CERT_UNTRUSTED
22 info trying registry request attempt 2 at 10:55:25
23 http GET https://registry.npmjs.org/test-icpc
24 info retry will retry, error on last attempt: Error: CERT_UNTRUSTED
25 info trying registry request attempt 3 at 10:56:25
26 http GET https://registry.npmjs.org/test-icpc
27 silly lockFile 5cb90196-test-icpc test-icpc@
28 silly lockFile 5cb90196-test-icpc test-icpc@
29 error Error: CERT_UNTRUSTED
29 error     at SecurePair.<anonymous> (tls.js:1370:32)
29 error     at SecurePair.EventEmitter.emit (events.js:92:17)
29 error     at SecurePair.maybeInitFinished (tls.js:982:10)
29 error     at CleartextStream.read [as _read] (tls.js:469:13)
29 error     at CleartextStream.Readable.read (_stream_readable.js:320:10)
29 error     at EncryptedStream.write [as _write] (tls.js:366:25)
29 error     at doWrite (_stream_writable.js:223:10)
29 error     at writeOrBuffer (_stream_writable.js:213:5)
29 error     at EncryptedStream.Writable.write (_stream_writable.js:180:11)
29 error     at write (_stream_readable.js:583:24)
30 error If you need help, you may report this log at:
30 error     <http://github.com/isaacs/npm/issues>
30 error or email it to:
30 error     <npm-@googlegroups.com>
31 error System Linux 3.19.0-SATA-Stream
32 error command "/usr/bin/nodejs" "/usr/bin/npm" "install" "test-icpc" "--global"
33 error cwd /home/ogh/work/git/algorithm-PS/acmicpc
34 error node -v v0.10.25
35 error npm -v 1.3.10
36 verbose exit [ 1, true ]
